{
  "RSpec": {
    "coverage": {
      "/Users/amypetrie/Turing/2module/book_club/config/environment.rb": [
        null,
        1,
        null,
        null,
        1
      ],
      "/Users/amypetrie/Turing/2module/book_club/config/application.rb": [
        1,
        null,
        1,
        null,
        1,
        1,
        1,
        1,
        1,
        1,
        1,
        1,
        null,
        null,
        null,
        null,
        1,
        null,
        1,
        1,
        null,
        1,
        null,
        null,
        null,
        null,
        null,
        null,
        1,
        null,
        null
      ],
      "/Users/amypetrie/Turing/2module/book_club/config/boot.rb": [
        1,
        null,
        1
      ],
      "/Users/amypetrie/Turing/2module/book_club/config/environments/test.rb": [
        1,
        null,
        null,
        null,
        null,
        null,
        null,
        1,
        null,
        null,
        null,
        null,
        1,
        null,
        null,
        1,
        1,
        null,
        null,
        null,
        null,
        1,
        1,
        null,
        null,
        1,
        null,
        null,
        1,
        1,
        null,
        null,
        null,
        null,
        1,
        null,
        null,
        1,
        null,
        null,
        null,
        null
      ],
      "/Users/amypetrie/Turing/2module/book_club/config/initializers/application_controller_renderer.rb": [
        null,
        null,
        null,
        null,
        null,
        null,
        null,
        null
      ],
      "/Users/amypetrie/Turing/2module/book_club/config/initializers/assets.rb": [
        null,
        null,
        null,
        1,
        null,
        null,
        null,
        null,
        1,
        null,
        null,
        null,
        null,
        null
      ],
      "/Users/amypetrie/Turing/2module/book_club/config/initializers/backtrace_silencers.rb": [
        null,
        null,
        null,
        null,
        null,
        null,
        null
      ],
      "/Users/amypetrie/Turing/2module/book_club/config/initializers/cookies_serializer.rb": [
        null,
        null,
        null,
        null,
        1
      ],
      "/Users/amypetrie/Turing/2module/book_club/config/initializers/filter_parameter_logging.rb": [
        null,
        null,
        null,
        1
      ],
      "/Users/amypetrie/Turing/2module/book_club/config/initializers/inflections.rb": [
        null,
        null,
        null,
        null,
        null,
        null,
        null,
        null,
        null,
        null,
        null,
        null,
        null,
        null,
        null,
        null
      ],
      "/Users/amypetrie/Turing/2module/book_club/config/initializers/mime_types.rb": [
        null,
        null,
        null,
        null
      ],
      "/Users/amypetrie/Turing/2module/book_club/config/initializers/wrap_parameters.rb": [
        null,
        null,
        null,
        null,
        null,
        null,
        1,
        2,
        null,
        null,
        null,
        null,
        null,
        null
      ],
      "/Users/amypetrie/Turing/2module/book_club/config/routes.rb": [
        1,
        null,
        null
      ],
      "/Users/amypetrie/Turing/2module/book_club/app/helpers/application_helper.rb": [
        1,
        null
      ],
      "/Users/amypetrie/Turing/2module/book_club/spec/models/author_spec.rb": [
        1,
        0,
        0,
        0,
        null,
        null,
        0,
        0,
        0,
        null,
        null
      ],
      "/Users/amypetrie/Turing/2module/book_club/spec/rails_helper.rb": [
        null,
        1,
        1,
        null,
        1,
        1,
        null,
        1,
        null,
        1,
        1,
        null,
        null,
        null,
        null,
        null,
        null,
        null,
        null,
        null,
        null,
        null,
        null,
        null,
        null,
        null,
        null,
        null,
        null,
        null,
        1,
        1,
        null,
        0,
        0,
        null,
        0,
        null,
        0,
        null,
        null,
        null,
        null,
        0,
        null,
        null,
        null,
        null,
        null,
        null,
        null,
        null,
        null,
        null,
        null,
        null,
        null,
        null,
        0,
        null,
        null,
        0,
        null,
        null,
        null,
        null,
        0,
        0,
        0,
        null,
        0,
        null,
        null
      ],
      "/Users/amypetrie/Turing/2module/book_club/spec/models/book_spec.rb": [
        1,
        null,
        0,
        null,
        0,
        0,
        null,
        0,
        null,
        null,
        0,
        0,
        null,
        0,
        null,
        null,
        0,
        0,
        null,
        0,
        null,
        null,
        0,
        0,
        null,
        0,
        null,
        null,
        0,
        0,
        0,
        null,
        null,
        null
      ],
      "/Users/amypetrie/Turing/2module/book_club/spec/models/review_spec.rb": [
        1,
        null,
        0,
        null,
        0,
        0,
        null,
        0,
        null,
        null,
        0,
        0,
        null,
        0,
        null,
        null,
        0,
        0,
        null,
        0,
        null,
        null,
        0,
        0,
        null,
        0,
        null,
        null,
        0,
        0,
        null,
        0,
        null,
        null,
        0,
        0,
        0,
        null,
        null,
        0,
        0,
        0,
        null,
        null,
        null
      ],
      "/Users/amypetrie/Turing/2module/book_club/spec/models/user_spec.rb": [
        1,
        null,
        0,
        null,
        0,
        0,
        null,
        0,
        null,
        null,
        0,
        0,
        0,
        null,
        null,
        null
      ]
    },
    "timestamp": 1539139451
  }
}
